<?xml version="1.0" encoding="UTF-8"?>
<!-- Generated by org.testng.reporters.JUnitXMLReporter -->
<testsuite hostname="LuckyPC" ignored="2" name="Test" tests="1" failures="0" timestamp="04 Apr 2020 18:37:32 GMT" time="15.61" errors="0">
  <testcase name="ValidateTitle" time="0.025" classname="spicejet.com.tests.testHompage"/>
  <testcase name="clickSearch" time="0.0" classname="spicejet.com.tests.testHompage">
    <ignored/>
  </testcase> <!-- clickSearch -->
  <testcase name="searchBuses" time="0.0" classname="spicejet.com.tests.testHompage">
    <ignored/>
  </testcase> <!-- searchBuses -->
</testsuite> <!-- Test -->
