<?xml version="1.0" encoding="UTF-8"?>
<!-- Generated by org.testng.reporters.JUnitXMLReporter -->
<testsuite hostname="LuckyPC" ignored="2" name="Test" tests="1" failures="0" timestamp="08 Sep 2020 16:27:56 GMT" time="28.297" errors="0">
  <testcase name="ValidateTitle" time="0.026" classname="spicejet.com.tests.testHompage"/>
  <testcase name="clickSearch" time="0.0" classname="spicejet.com.tests.testHompage">
    <ignored/>
  </testcase> <!-- clickSearch -->
  <testcase name="searchBuses" time="0.0" classname="spicejet.com.tests.testHompage">
    <ignored/>
  </testcase> <!-- searchBuses -->
</testsuite> <!-- Test -->
