<?xml version="1.0" encoding="UTF-8"?>
<testng-results skipped="0" failed="0" ignored="2" total="3" passed="1">
  <reporter-output>
  </reporter-output>
  <suite name="Suite" duration-ms="15610" started-at="2020-04-04T18:37:16Z" finished-at="2020-04-04T18:37:31Z">
    <groups>
      <group name="title">
        <method signature="testHompage.ValidateTitle()[pri:0, instance:spicejet.com.tests.testHompage@31610302]" name="ValidateTitle" class="spicejet.com.tests.testHompage"/>
      </group> <!-- title -->
    </groups>
    <test name="Test" duration-ms="15610" started-at="2020-04-04T18:37:16Z" finished-at="2020-04-04T18:37:31Z">
      <class name="spicejet.com.tests.testHompage">
        <test-method status="PASS" signature="loadDriver(java.lang.String, java.lang.String)[pri:0, instance:spicejet.com.tests.testHompage@31610302]" name="loadDriver" is-config="true" duration-ms="15411" started-at="2020-04-04T18:37:16Z" finished-at="2020-04-04T18:37:31Z">
          <params>
            <param index="0">
              <value>
                <![CDATA[chrome]]>
              </value>
            </param>
            <param index="1">
              <value>
                <![CDATA[https://www.spicejet.com/]]>
              </value>
            </param>
          </params>
          <reporter-output>
          </reporter-output>
        </test-method> <!-- loadDriver -->
        <test-method status="PASS" signature="ValidateTitle()[pri:0, instance:spicejet.com.tests.testHompage@31610302]" name="ValidateTitle" duration-ms="25" started-at="2020-04-04T18:37:31Z" finished-at="2020-04-04T18:37:31Z">
          <reporter-output>
          </reporter-output>
        </test-method> <!-- ValidateTitle -->
        <test-method status="PASS" signature="tearDown()[pri:0, instance:spicejet.com.tests.testHompage@31610302]" name="tearDown" is-config="true" duration-ms="151" started-at="2020-04-04T18:37:31Z" finished-at="2020-04-04T18:37:31Z">
          <reporter-output>
          </reporter-output>
        </test-method> <!-- tearDown -->
      </class> <!-- spicejet.com.tests.testHompage -->
    </test> <!-- Test -->
  </suite> <!-- Suite -->
</testng-results>
