<?xml version="1.0" encoding="UTF-8"?>
<testng-results skipped="0" failed="1" ignored="2" total="3" passed="0">
  <reporter-output>
  </reporter-output>
  <suite name="Default suite" duration-ms="21129" started-at="2020-04-04T18:20:27Z" finished-at="2020-04-04T18:20:48Z">
    <groups>
    </groups>
    <test name="Default test" duration-ms="21129" started-at="2020-04-04T18:20:27Z" finished-at="2020-04-04T18:20:48Z">
      <class name="spicejet.com.test.testHompage">
        <test-method status="PASS" signature="loadDriver()[pri:0, instance:spicejet.com.test.testHompage@2038ae61]" name="loadDriver" is-config="true" duration-ms="20947" started-at="2020-04-04T18:20:27Z" finished-at="2020-04-04T18:20:48Z">
          <reporter-output>
          </reporter-output>
        </test-method> <!-- loadDriver -->
        <test-method status="FAIL" signature="clickSearch()[pri:0, instance:spicejet.com.test.testHompage@2038ae61]" name="clickSearch" duration-ms="25" started-at="2020-04-04T18:20:48Z" finished-at="2020-04-04T18:20:48Z">
          <exception class="java.lang.IllegalArgumentException">
            <message>
              <![CDATA[Cannot find elements when the XPath is null.]]>
            </message>
            <full-stacktrace>
              <![CDATA[java.lang.IllegalArgumentException: Cannot find elements when the XPath is null.
at org.openqa.selenium.By$ByXPath.<init>(By.java:339)
at org.openqa.selenium.By.xpath(By.java:92)
at spicejet.com.pages.homepage.setDepartureCity(homepage.java:19)
at spicejet.com.test.testHompage.clickSearch(testHompage.java:26)
at sun.reflect.NativeMethodAccessorImpl.invoke0(Native Method)
at sun.reflect.NativeMethodAccessorImpl.invoke(NativeMethodAccessorImpl.java:62)
at sun.reflect.DelegatingMethodAccessorImpl.invoke(DelegatingMethodAccessorImpl.java:43)
at java.lang.reflect.Method.invoke(Method.java:498)
at org.testng.internal.MethodInvocationHelper.invokeMethod(MethodInvocationHelper.java:124)
at org.testng.internal.Invoker.invokeMethod(Invoker.java:583)
at org.testng.internal.Invoker.invokeTestMethod(Invoker.java:719)
at org.testng.internal.Invoker.invokeTestMethods(Invoker.java:989)
at org.testng.internal.TestMethodWorker.invokeTestMethods(TestMethodWorker.java:125)
at org.testng.internal.TestMethodWorker.run(TestMethodWorker.java:109)
at org.testng.TestRunner.privateRun(TestRunner.java:648)
at org.testng.TestRunner.run(TestRunner.java:505)
at org.testng.SuiteRunner.runTest(SuiteRunner.java:455)
at org.testng.SuiteRunner.runSequentially(SuiteRunner.java:450)
at org.testng.SuiteRunner.privateRun(SuiteRunner.java:415)
at org.testng.SuiteRunner.run(SuiteRunner.java:364)
at org.testng.SuiteRunnerWorker.runSuite(SuiteRunnerWorker.java:52)
at org.testng.SuiteRunnerWorker.run(SuiteRunnerWorker.java:84)
at org.testng.TestNG.runSuitesSequentially(TestNG.java:1208)
at org.testng.TestNG.runSuitesLocally(TestNG.java:1137)
at org.testng.TestNG.runSuites(TestNG.java:1049)
at org.testng.TestNG.run(TestNG.java:1017)
at org.testng.remote.AbstractRemoteTestNG.run(AbstractRemoteTestNG.java:115)
at org.testng.remote.RemoteTestNG.initAndRun(RemoteTestNG.java:251)
at org.testng.remote.RemoteTestNG.main(RemoteTestNG.java:77)
]]>
            </full-stacktrace>
          </exception> <!-- java.lang.IllegalArgumentException -->
          <reporter-output>
          </reporter-output>
        </test-method> <!-- clickSearch -->
        <test-method status="PASS" signature="tearDown()[pri:0, instance:spicejet.com.test.testHompage@2038ae61]" name="tearDown" is-config="true" duration-ms="132" started-at="2020-04-04T18:20:48Z" finished-at="2020-04-04T18:20:48Z">
          <reporter-output>
          </reporter-output>
        </test-method> <!-- tearDown -->
      </class> <!-- spicejet.com.test.testHompage -->
    </test> <!-- Default test -->
  </suite> <!-- Default suite -->
</testng-results>
